[2025-04-23T11:52:31.074Z] INFO: ✅ Використовую збережену сесію.
[2025-04-23T12:15:42.788Z] INFO: ✅ Використовую збережену сесію.
[2025-04-23T12:16:04.485Z] INFO: 💾 Сесію збережено в session.txt
[2025-04-23T12:42:47.895Z] INFO: ✅ Використовую збережену сесію.
[2025-04-23T12:42:48.164Z] INFO: 💾 Сесію збережено в session.txt
[2025-04-23T12:45:18.661Z] INFO: ✅ Використовую збережену сесію.
[2025-04-23T12:45:18.891Z] INFO: 💾 Сесію збережено в session.txt
[2025-04-23T12:45:18.891Z] INFO: 🚀 Бот запущений.
[2025-04-23T12:45:53.737Z] INFO: 📥 Повідомлення з 'вілсет': Вілсет 26 на олдуху
[2025-04-23T12:46:22.970Z] INFO: 📥 Повідомлення з 'вілсет': вілсет 28
[2025-04-23T12:51:28.050Z] INFO: ✅ Використовую збережену сесію.
[2025-04-23T12:51:28.515Z] INFO: 💾 Сесію збережено в session.txt
[2025-04-23T12:51:28.516Z] INFO: 🚀 Бот запущений.
[2025-04-23T12:52:35.712Z] INFO: 📥 Повідомлення з 'вілсет': 26" вілсет на втулках Miche

Нехай і під тріскачку, але втулки Miche (Made in Italy), перебрані, передня крутить класно, задня трохи кусається, тріскачка Shimano на 7 швидкостей, стан дуже хороший, в комплекті дам новий ланцюг. Обода  Rigida, подвійні, покришки Specialized 2.20 + Kenda 2.10
Додаткові фото в коментарях.

600 грн за все

#колеса
[2025-04-23T12:53:11.114Z] INFO: 📥 Повідомлення з 'вілсет': 26" вілсет на втулках Miche

Нехай і під тріскачку, але втулки Miche (Made in Italy), перебрані, передня крутить класно, задня трохи кусається, тріскачка Shimano на 7 швидкостей, стан дуже хороший, в комплекті дам новий ланцюг. Обода  Rigida, подвійні, покришки Specialized 2.20 + Kenda 2.10
Додаткові фото в коментарях.

600 грн за все

#колеса
[2025-04-23T12:57:27.767Z] INFO: 📥 Повідомлення з 'вілсет': 26" вілсет на втулках Miche

Нехай і під тріскачку, але втулки Miche (Made in Italy), перебрані, передня крутить класно, задня трохи кусається, тріскачка Shimano на 7 швидкостей, стан дуже хороший, в комплекті дам новий ланцюг. Обода  Rigida, подвійні, покришки Specialized 2.20 + Kenda 2.10
Додаткові фото в коментарях.

600 грн за все

#колеса
[2025-04-23T12:57:58.778Z] INFO: ✅ Використовую збережену сесію.
[2025-04-23T12:57:59.131Z] INFO: 💾 Сесію збережено в session.txt
[2025-04-23T12:57:59.132Z] INFO: 🚀 Бот запущений.
[2025-04-23T12:58:04.251Z] INFO: 26" вілсет на втулках Miche

Нехай і під тріскачку, але втулки Miche (Made in Italy), перебрані, передня крутить класно, задня трохи кусається, тріскачка Shimano на 7 швидкостей, стан дуже хороший, в комплекті дам новий ланцюг. Обода  Rigida, подвійні, покришки Specialized 2.20 + Kenda 2.10
Додаткові фото в коментарях.

600 грн за все

#колеса
[2025-04-23T12:58:04.252Z] INFO: 📥 Повідомлення з 'вілсет': 26" вілсет на втулках Miche

Нехай і під тріскачку, але втулки Miche (Made in Italy), перебрані, передня крутить класно, задня трохи кусається, тріскачка Shimano на 7 швидкостей, стан дуже хороший, в комплекті дам новий ланцюг. Обода  Rigida, подвійні, покришки Specialized 2.20 + Kenda 2.10
Додаткові фото в коментарях.

600 грн за все

#колеса
[2025-04-23T13:01:47.025Z] INFO: ✅ Використовую збережену сесію.
[2025-04-23T13:01:47.328Z] INFO: 💾 Сесію збережено в session.txt
[2025-04-23T13:01:47.329Z] INFO: 🚀 Бот запущений.
[2025-04-23T13:01:51.752Z] ERROR: ❌ Помилка обробки повідомлення: No user has "mytargetchat" as username
[2025-04-23T13:02:19.632Z] INFO: ✅ Використовую збережену сесію.
[2025-04-23T13:02:19.942Z] INFO: 💾 Сесію збережено в session.txt
[2025-04-23T13:02:19.942Z] INFO: 🚀 Бот запущений.
[2025-04-23T13:02:25.103Z] ERROR: ❌ Помилка обробки повідомлення: Invalid parse mode type Markdown
[2025-04-23T13:02:41.823Z] INFO: ✅ Використовую збережену сесію.
[2025-04-23T13:02:42.045Z] INFO: 💾 Сесію збережено в session.txt
[2025-04-23T13:02:42.046Z] INFO: 🚀 Бот запущений.
[2025-04-23T13:02:46.694Z] INFO: ➡️ Переслано:
[2025-04-23T13:03:44.930Z] INFO: ➡️ Переслано:
[2025-04-23T13:08:42.754Z] INFO: ✅ Використовую збережену сесію.
[2025-04-23T13:08:42.990Z] INFO: 💾 Сесію збережено в session.txt
[2025-04-23T13:09:26.199Z] INFO: ✅ Використовую збережену сесію.
[2025-04-23T13:09:26.451Z] INFO: 💾 Сесію збережено в session.txt
[2025-04-23T13:09:26.452Z] INFO: 🚀 Бот запущений.
[2025-04-23T13:09:40.865Z] ERROR: ❌ Помилка обробки повідомлення: Cannot find any entity corresponding to "https://t.me/whellsetParser,https://t.me/secondarytestwhl"
[2025-04-23T13:09:46.144Z] ERROR: ❌ Помилка обробки повідомлення: Cannot find any entity corresponding to "https://t.me/whellsetParser,https://t.me/secondarytestwhl"
[2025-04-23T13:10:17.489Z] INFO: ✅ Використовую збережену сесію.
[2025-04-23T13:10:17.896Z] INFO: 💾 Сесію збережено в session.txt
[2025-04-23T13:10:17.897Z] INFO: 🚀 Бот запущений.
[2025-04-23T13:10:38.029Z] ERROR: ❌ Помилка обробки повідомлення: Cannot find any entity corresponding to "https://t.me/whellsetParser,https://t.me/secondarytestwhl"
[2025-04-23T13:12:28.968Z] INFO: ✅ Використовую збережену сесію.
[2025-04-23T13:12:29.238Z] INFO: 💾 Сесію збережено в session.txt
[2025-04-23T13:12:29.239Z] INFO: 🚀 Бот запущений.
[2025-04-23T13:12:39.441Z] INFO: ➡️ Переслано:
[2025-04-23T13:12:44.953Z] INFO: ➡️ Переслано:
[2025-04-23T13:16:11.060Z] INFO: ✅ Використовую збережену сесію.
[2025-04-23T13:16:11.304Z] INFO: 💾 Сесію збережено в session.txt
[2025-04-23T13:16:11.304Z] INFO: 🚀 Бот запущений.
[2025-04-23T13:16:13.591Z] INFO: ➡️ Переслано:
[2025-04-23T13:20:22.276Z] INFO: ✅ Використовую збережену сесію.
[2025-04-23T13:20:22.633Z] INFO: 💾 Сесію збережено в session.txt
[2025-04-23T13:20:22.634Z] INFO: 🚀 Бот запущений.
[2025-04-23T13:31:34.387Z] INFO: ✅ Використовую збережену сесію.
[2025-04-23T13:31:34.840Z] INFO: 💾 Сесію збережено в session.txt
[2025-04-23T13:31:34.842Z] INFO: 🚀 Бот запущений.
[2025-04-23T14:10:39.742Z] INFO: ✅ Використовую збережену сесію.
[2025-04-23T14:10:40.123Z] INFO: 💾 Сесію збережено в session.txt
[2025-04-23T14:10:40.124Z] INFO: 🚀 Бот запущений.
[2025-04-23T14:11:03.858Z] INFO: ➡️ Переслано:
[2025-04-23T14:11:07.685Z] INFO: ➡️ Переслано:
[2025-04-23T14:12:09.453Z] INFO: ✅ Використовую збережену сесію.
[2025-04-23T14:12:09.725Z] INFO: 💾 Сесію збережено в session.txt
[2025-04-23T14:12:09.726Z] INFO: 🚀 Бот запущений.
[2025-04-23T14:12:37.235Z] INFO: ➡️ Переслано:
[2025-04-23T14:13:09.006Z] INFO: ➡️ Переслано:
[2025-04-23T14:13:22.528Z] INFO: ➡️ Переслано:
[2025-04-23T14:14:16.216Z] INFO: ➡️ Переслано:
[2025-04-23T14:15:45.257Z] INFO: ✅ Використовую збережену сесію.
[2025-04-23T14:15:47.089Z] INFO: 💾 Сесію збережено в session.txt
[2025-04-23T14:15:47.090Z] INFO: 🚀 Бот запущений.
[2025-04-23T14:15:52.694Z] INFO: ➡️ Переслано:
[2025-04-23T17:28:07.869Z] INFO: ✅ Використовую збережену сесію.
[2025-04-23T17:37:26.960Z] ERROR: ❌ Помилка авторизації: RPCError: 400: PHONE_CODE_INVALID (caused by auth.SignIn)
[2025-04-23T17:37:32.635Z] INFO: 🆕 Нова сесія.
[2025-04-23T17:37:55.016Z] INFO: 💾 Сесію збережено в session.txt
[2025-04-23T17:37:55.016Z] INFO: 🚀 Бот запущений.
